Flow report for NJU_MIPS
Sat Dec 15 19:14:06 2018
Quartus Prime Version 17.1.0 Build 590 10/25/2017 SJ Lite Edition


---------------------
; Table of Contents ;
---------------------
  1. Legal Notice
  2. Flow Summary
  3. Flow Settings
  4. Flow Non-Default Global Settings
  5. Flow Elapsed Time
  6. Flow OS Summary
  7. Flow Log
  8. Flow Messages
  9. Flow Suppressed Messages



----------------
; Legal Notice ;
----------------
Copyright (C) 2017  Intel Corporation. All rights reserved.
Your use of Intel Corporation's design tools, logic functions 
and other software and tools, and its AMPP partner logic 
functions, and any output files from any of the foregoing 
(including device programming or simulation files), and any 
associated documentation or information are expressly subject 
to the terms and conditions of the Intel Program License 
Subscription Agreement, the Intel Quartus Prime License Agreement,
the Intel FPGA IP License Agreement, or other applicable license
agreement, including, without limitation, that your use is for
the sole purpose of programming logic devices manufactured by
Intel and sold by Intel or its authorized distributors.  Please
refer to the applicable agreement for further details.



+-------------------------------------------------------------------------------+
; Flow Summary                                                                  ;
+---------------------------------+---------------------------------------------+
; Flow Status                     ; Successful - Sat Dec 15 19:14:06 2018       ;
; Quartus Prime Version           ; 17.1.0 Build 590 10/25/2017 SJ Lite Edition ;
; Revision Name                   ; NJU_MIPS                                    ;
; Top-level Entity Name           ; NJU_MIPS                                    ;
; Family                          ; Cyclone V                                   ;
; Device                          ; 5CSXFC6D6F31C6                              ;
; Timing Models                   ; Final                                       ;
; Logic utilization (in ALMs)     ; 3,423 / 41,910 ( 8 % )                      ;
; Total registers                 ; 2243                                        ;
; Total pins                      ; 111 / 499 ( 22 % )                          ;
; Total virtual pins              ; 0                                           ;
; Total block memory bits         ; 798,784 / 5,662,720 ( 14 % )                ;
; Total DSP Blocks                ; 4 / 112 ( 4 % )                             ;
; Total HSSI RX PCSs              ; 0 / 9 ( 0 % )                               ;
; Total HSSI PMA RX Deserializers ; 0 / 9 ( 0 % )                               ;
; Total HSSI TX PCSs              ; 0 / 9 ( 0 % )                               ;
; Total HSSI PMA TX Serializers   ; 0 / 9 ( 0 % )                               ;
; Total PLLs                      ; 1 / 15 ( 7 % )                              ;
; Total DLLs                      ; 0 / 4 ( 0 % )                               ;
+---------------------------------+---------------------------------------------+


+-----------------------------------------+
; Flow Settings                           ;
+-------------------+---------------------+
; Option            ; Setting             ;
+-------------------+---------------------+
; Start date & time ; 12/15/2018 19:10:19 ;
; Main task         ; Compilation         ;
; Revision Name     ; NJU_MIPS            ;
+-------------------+---------------------+


+------------------------------------------------------------------------------------------------------------------------------+
; Flow Non-Default Global Settings                                                                                             ;
+--------------------------------------+----------------------------------------+---------------+-------------+----------------+
; Assignment Name                      ; Value                                  ; Default Value ; Entity Name ; Section Id     ;
+--------------------------------------+----------------------------------------+---------------+-------------+----------------+
; COMPILER_SIGNATURE_ID                ; 121368358059.154487221814504           ; --            ; --          ; --             ;
; EDA_DESIGN_INSTANCE_NAME             ; NA                                     ; --            ; --          ; sopc           ;
; EDA_NATIVELINK_SIMULATION_TEST_BENCH ; sopc                                   ; --            ; --          ; eda_simulation ;
; EDA_OUTPUT_DATA_FORMAT               ; Verilog Hdl                            ; --            ; --          ; eda_simulation ;
; EDA_SIMULATION_TOOL                  ; ModelSim-Altera (Verilog)              ; <None>        ; --          ; --             ;
; EDA_TEST_BENCH_ENABLE_STATUS         ; TEST_BENCH_MODE                        ; --            ; --          ; eda_simulation ;
; EDA_TEST_BENCH_FILE                  ; simulation/modelsim/sopc_tst.v         ; --            ; --          ; sopc           ;
; EDA_TEST_BENCH_MODULE_NAME           ; sopc_tst                               ; --            ; --          ; sopc           ;
; EDA_TEST_BENCH_NAME                  ; sopc                                   ; --            ; --          ; eda_simulation ;
; EDA_TIME_SCALE                       ; 1 ps                                   ; --            ; --          ; eda_simulation ;
; MAX_CORE_JUNCTION_TEMP               ; 85                                     ; --            ; --          ; --             ;
; MIN_CORE_JUNCTION_TEMP               ; 0                                      ; --            ; --          ; --             ;
; MISC_FILE                            ; inst_rom_ip_bb.v                       ; --            ; --          ; --             ;
; MISC_FILE                            ; data_ram_ip_bb.v                       ; --            ; --          ; --             ;
; MISC_FILE                            ; ascii2pcode_bb.v                       ; --            ; --          ; --             ;
; MISC_FILE                            ; video_ram_ip0_bb.v                     ; --            ; --          ; --             ;
; MISC_FILE                            ; video_ram_ip1_bb.v                     ; --            ; --          ; --             ;
; MISC_FILE                            ; video_ram_ip2_bb.v                     ; --            ; --          ; --             ;
; MISC_FILE                            ; video_ram_ip3_bb.v                     ; --            ; --          ; --             ;
; MISC_FILE                            ; kb_rom_bb.v                            ; --            ; --          ; --             ;
; MISC_FILE                            ; kb_shift_rom_bb.v                      ; --            ; --          ; --             ;
; MISC_FILE                            ; sintable_bb.v                          ; --            ; --          ; --             ;
; MISC_FILE                            ; c2f_bb.v                               ; --            ; --          ; --             ;
; MISC_FILE                            ; xck.cmp                                ; --            ; --          ; --             ;
; MISC_FILE                            ; xck_sim/xck.vo                         ; --            ; --          ; --             ;
; PARTITION_COLOR                      ; -- (Not supported for targeted family) ; --            ; --          ; Top            ;
; PARTITION_FITTER_PRESERVATION_LEVEL  ; -- (Not supported for targeted family) ; --            ; --          ; Top            ;
; PARTITION_NETLIST_TYPE               ; -- (Not supported for targeted family) ; --            ; --          ; Top            ;
; POWER_BOARD_THERMAL_MODEL            ; None (CONSERVATIVE)                    ; --            ; --          ; --             ;
; POWER_PRESET_COOLING_SOLUTION        ; 23 MM HEAT SINK WITH 200 LFPM AIRFLOW  ; --            ; --          ; --             ;
; SPD_FILE                             ; xck.spd                                ; --            ; --          ; --             ;
; SYNTHESIS_ONLY_QIP                   ; On                                     ; --            ; --          ; --             ;
+--------------------------------------+----------------------------------------+---------------+-------------+----------------+


+-------------------------------------------------------------------------------------------------------------------------------+
; Flow Elapsed Time                                                                                                             ;
+---------------------------+--------------+-------------------------+---------------------+------------------------------------+
; Module Name               ; Elapsed Time ; Average Processors Used ; Peak Virtual Memory ; Total CPU Time (on all processors) ;
+---------------------------+--------------+-------------------------+---------------------+------------------------------------+
; Analysis & Synthesis      ; 00:00:58     ; 1.0                     ; 806 MB              ; 00:01:14                           ;
; Fitter                    ; 00:02:04     ; 1.2                     ; 2655 MB             ; 00:04:40                           ;
; Assembler                 ; 00:00:11     ; 1.0                     ; 767 MB              ; 00:00:11                           ;
; TimeQuest Timing Analyzer ; 00:00:20     ; 2.2                     ; 1136 MB             ; 00:00:40                           ;
; EDA Netlist Writer        ; 00:00:05     ; 1.0                     ; 808 MB              ; 00:00:05                           ;
; Total                     ; 00:03:38     ; --                      ; --                  ; 00:06:50                           ;
+---------------------------+--------------+-------------------------+---------------------+------------------------------------+


+----------------------------------------------------------------------------------------+
; Flow OS Summary                                                                        ;
+---------------------------+------------------+-----------+------------+----------------+
; Module Name               ; Machine Hostname ; OS Name   ; OS Version ; Processor type ;
+---------------------------+------------------+-----------+------------+----------------+
; Analysis & Synthesis      ; FERMATC48E       ; Windows 7 ; 6.1        ; x86_64         ;
; Fitter                    ; FERMATC48E       ; Windows 7 ; 6.1        ; x86_64         ;
; Assembler                 ; FERMATC48E       ; Windows 7 ; 6.1        ; x86_64         ;
; TimeQuest Timing Analyzer ; FERMATC48E       ; Windows 7 ; 6.1        ; x86_64         ;
; EDA Netlist Writer        ; FERMATC48E       ; Windows 7 ; 6.1        ; x86_64         ;
+---------------------------+------------------+-----------+------------+----------------+


------------
; Flow Log ;
------------
quartus_map --read_settings_files=on --write_settings_files=off NJU_MIPS -c NJU_MIPS
quartus_fit --read_settings_files=off --write_settings_files=off NJU_MIPS -c NJU_MIPS
quartus_asm --read_settings_files=off --write_settings_files=off NJU_MIPS -c NJU_MIPS
quartus_sta NJU_MIPS -c NJU_MIPS
quartus_eda --read_settings_files=off --write_settings_files=off NJU_MIPS -c NJU_MIPS



